<?xml version="1.0" encoding="UTF-8"?>
<!-- Generated by org.testng.reporters.JUnitXMLReporter -->
<testsuite hostname="DESKTOP-S5A0FMG" ignored="0" name="AllTestCase" tests="12" failures="0" timestamp="13 Jul 2017 14:27:36 GMT" time="469.492" errors="0">
  <testcase name="TestLogin" time="11.734" classname="UIAutomation.EnterpriseUI.LoginTest"/>
  <testcase name="AddEmployee" time="46.858" classname="UIAutomation.EnterpriseUI.EmployeeListTest"/>
  <testcase name="SendAllocatePoints" time="27.131" classname="UIAutomation.EnterpriseUI.AllocatePointsTests"/>
  <testcase name="SendPointsValidation" time="14.014" classname="UIAutomation.EnterpriseUI.AllocatePointsTests"/>
  <testcase name="RedistributBudget" time="27.415" classname="UIAutomation.EnterpriseUI.DistributeMyBudgetTest"/>
  <testcase name="BudgetPointReminder" time="12.325" classname="UIAutomation.EnterpriseUI.SendPointsReminderTests"/>
  <testcase name="ValidatePoints" time="14.956" classname="UIAutomation.EnterpriseUI.DistributeMyBudgetTest"/>
  <testcase name="EmployeeProfileView" time="40.609" classname="UIAutomation.EnterpriseUI.EmployeeListTest"/>
  <testcase name="RewardPointReminder" time="15.583" classname="UIAutomation.EnterpriseUI.SendPointsReminderTests"/>
  <testcase name="EditProfile" time="40.887" classname="UIAutomation.EnterpriseUI.EmployeeListTest"/>
  <testcase name="DisableEmployee" time="21.328" classname="UIAutomation.EnterpriseUI.EmployeeListTest"/>
  <testcase name="EnableEmployee" time="25.834" classname="UIAutomation.EnterpriseUI.EmployeeListTest"/>
</testsuite> <!-- AllTestCase -->
