<?xml version="1.0" encoding="UTF-8"?>
<!-- Generated by org.testng.reporters.JUnitXMLReporter -->
<testsuite hostname="DESKTOP-S5A0FMG" ignored="0" name="Default test" tests="4" failures="0" timestamp="21 Aug 2017 11:38:16 GMT" time="285.02" errors="0">
  <testcase name="CitySearchBar" time="47.341" classname="Xoxoday.AdvanceSearchTest"/>
  <testcase name="CityCategorySearchBar" time="31.78" classname="Xoxoday.AdvanceSearchTest"/>
  <testcase name="CityDateSearchBar" time="31.769" classname="Xoxoday.AdvanceSearchTest"/>
  <testcase name="CityCategoryDateSearchBar" time="28.635" classname="Xoxoday.AdvanceSearchTest"/>
</testsuite> <!-- Default test -->
